*** Using Compiler 'V5.06 update 7 (build 960)', folder: 'C:\Keil_v5\ARM\ARMCC\Bin'
Rebuild target 'foc_Sensorless_echokoen'
compiling stm32g4xx_ll_adc.c...
assembling startup_stm32g474xx.s...
compiling Clarke_Park.c...
compiling PI_Controller.c...
compiling main.c...
compiling FluxObserver_PLL.c...
compiling stm32g4xx_it.c...
../Core/Src/stm32g4xx_it.c(64): warning:  #9-D: nested comment is not allowed
  /******************************************************************************/
../Core/Src/stm32g4xx_it.c(119): warning:  #9-D: nested comment is not allowed
  /******************************************************************************/
../Core/Src/stm32g4xx_it.c(176): warning:  #1-D: last line of file ends without a newline
  }
../Core/Src/stm32g4xx_it.c: 3 warnings, 0 errors
compiling foc_bridge.c...
compiling stm32g4xx_hal_msp.c...
compiling stm32g4xx_hal_exti.c...
compiling stm32g4xx_hal_gpio.c...
compiling stm32g4xx_hal_flash_ex.c...
compiling stm32g4xx_hal.c...
compiling stm32g4xx_hal_rcc.c...
compiling stm32g4xx_hal_flash.c...
compiling stm32g4xx_hal_adc_ex.c...
compiling stm32g4xx_hal_dma.c...
compiling stm32g4xx_hal_flash_ramfunc.c...
compiling stm32g4xx_hal_rcc_ex.c...
compiling stm32g4xx_hal_dma_ex.c...
"no source": Error:  #219: error while deleting file "stm32g474_20260408\stm32g4xx_hal_dma_ex.d": Permission denied
../Drivers/STM32G4xx_HAL_Driver/Src/stm32g4xx_hal_dma_ex.c: 0 warnings, 1 error
compiling stm32g4xx_hal_adc.c...
compiling stm32g4xx_hal_cordic.c...
"no source": Error:  #219: error while deleting file "stm32g474_20260408\stm32g4xx_hal_cordic.d": Permission denied
../Drivers/STM32G4xx_HAL_Driver/Src/stm32g4xx_hal_cordic.c: 0 warnings, 1 error
compiling stm32g4xx_hal_tim.c...
"no source": Error:  #219: error while deleting file "stm32g474_20260408\stm32g4xx_hal_tim.d": Permission denied
../Drivers/STM32G4xx_HAL_Driver/Src/stm32g4xx_hal_tim.c: 0 warnings, 1 error
compiling stm32g4xx_hal_dac_ex.c...
"no source": Error:  #219: error while deleting file "stm32g474_20260408\stm32g4xx_hal_dac_ex.d": Permission denied
../Drivers/STM32G4xx_HAL_Driver/Src/stm32g4xx_hal_dac_ex.c: 0 warnings, 1 error
compiling stm32g4xx_hal_dac.c...
"no source": Error:  #219: error while deleting file "stm32g474_20260408\stm32g4xx_hal_dac.d": Permission denied
../Drivers/STM32G4xx_HAL_Driver/Src/stm32g4xx_hal_dac.c: 0 warnings, 1 error
compiling stm32g4xx_hal_tim_ex.c...
"no source": Error:  #219: error while deleting file "stm32g474_20260408\stm32g4xx_hal_tim_ex.d": Permission denied
../Drivers/STM32G4xx_HAL_Driver/Src/stm32g4xx_hal_tim_ex.c: 0 warnings, 1 error
compiling stm32g4xx_hal_uart.c...
"no source": Error:  #219: error while deleting file "stm32g474_20260408\stm32g4xx_hal_uart.d": Permission denied
../Drivers/STM32G4xx_HAL_Driver/Src/stm32g4xx_hal_uart.c: 0 warnings, 1 error
compiling stm32g4xx_hal_uart_ex.c...
"no source": Error:  #219: error while deleting file "stm32g474_20260408\stm32g4xx_hal_uart_ex.d": Permission denied
../Drivers/STM32G4xx_HAL_Driver/Src/stm32g4xx_hal_uart_ex.c: 0 warnings, 1 error
compiling system_stm32g4xx.c...
"no source": Error:  #219: error while deleting file "stm32g474_20260408\system_stm32g4xx.d": Permission denied
../Core/Src/system_stm32g4xx.c: 0 warnings, 1 error
compiling bsp_usart.c...
"no source": Error:  #219: error while deleting file "stm32g474_20260408\bsp_usart.d": Permission denied
../Drivers/BSP/bsp_usart.c: 0 warnings, 1 error
compiling bsp_tim.c...
"no source": Error:  #219: error while deleting file "stm32g474_20260408\bsp_tim.d": Permission denied
../Drivers/BSP/bsp_tim.c: 0 warnings, 1 error
compiling bsp_dma.c...
"no source": Error:  #219: error while deleting file "stm32g474_20260408\bsp_dma.d": Permission denied
../Drivers/BSP/bsp_dma.c: 0 warnings, 1 error
compiling bsp_dac.c...
"no source": Error:  #219: error while deleting file "stm32g474_20260408\bsp_dac.d": Permission denied
../Drivers/BSP/bsp_dac.c: 0 warnings, 1 error
compiling bsp_key.c...
"no source": Error:  #219: error while deleting file "stm32g474_20260408\bsp_key.d": Permission denied
../Drivers/BSP/bsp_key.c: 0 warnings, 1 error
compiling bsp_cordic.c...
"no source": Error:  #219: error while deleting file "stm32g474_20260408\bsp_cordic.d": Permission denied
../Drivers/BSP/bsp_cordic.c: 0 warnings, 1 error
compiling bsp_gpio.c...
"no source": Error:  #219: error while deleting file "stm32g474_20260408\bsp_gpio.d": Permission denied
../Drivers/BSP/bsp_gpio.c: 0 warnings, 1 error
compiling bsp_adc.c...
"no source": Error:  #219: error while deleting file "stm32g474_20260408\bsp_adc.d": Permission denied
../Drivers/BSP/bsp_adc.c: 0 warnings, 1 error
compiling stm32g4xx_hal_cortex.c...
compiling stm32g4xx_hal_pwr.c...
compiling stm32g4xx_hal_pwr_ex.c...
"STM32G474_20260408\STM32G474_20260408.axf" - 17 Error(s), 3 Warning(s).
Target not created.
Build Time Elapsed:  00:01:19
