


ARM Macro Assembler    Page 1 


    1 00000000         ;*******************************************************
                       ************************
    2 00000000         ;* @File Name          : startup_stm32g474xx.s
    3 00000000         ;* @Author             : MCD Application Team
    4 00000000         ;* @Brief              : Vector table for MDK-ARM toolch
                       ain
    5 00000000         ;*******************************************************
                       ************************
    6 00000000         ;* Description        : STM32G474xx Mainstream devices v
                       ector table for
    7 00000000         ;*                      MDK-ARM toolchain.
    8 00000000         ;*                      This module performs:
    9 00000000         ;*                      - Set the initial SP
   10 00000000         ;*                      - Set the initial PC == Reset_Ha
                       ndler
   11 00000000         ;*                      - Set the vector table entries w
                       ith the exceptions ISR address
   12 00000000         ;*                      - Branches to __main in the C li
                       brary (which eventually
   13 00000000         ;*                        calls main()).
   14 00000000         ;*                      After Reset the Cortex-M4 proces
                       sor is in Thread mode,
   15 00000000         ;*                      priority is Privileged, and the 
                       Stack is set to Main.
   16 00000000         ;*******************************************************
                       *************************
   17 00000000         ;* @attention
   18 00000000         ;*
   19 00000000         ;* Copyright (c) 2019 STMicroelectronics.
   20 00000000         ;* All rights reserved.
   21 00000000         ;*
   22 00000000         ;* This software is licensed under terms that can be fou
                       nd in the LICENSE file
   23 00000000         ;* in the root directory of this software component.
   24 00000000         ;* If no LICENSE file comes with this software, it is pr
                       ovided AS-IS.
   25 00000000         ;
   26 00000000         ;*******************************************************
                       ************************
   27 00000000         ;* <<< Use Configuration Wizard in Context Menu >>>
   28 00000000         ;
   29 00000000         ; Amount of memory (in bytes) allocated for Stack
   30 00000000         ; Tailor this value to your application needs
   31 00000000         ; <h> Stack Configuration
   32 00000000         ;   <o> Stack Size (in Bytes) <0x0-0xFFFFFFFF:8>
   33 00000000         ; </h>
   34 00000000         
   35 00000000 00000400 
                       Stack_Size
                               EQU              0x400
   36 00000000         
   37 00000000                 AREA             STACK, NOINIT, READWRITE, ALIGN
=3
   38 00000000         Stack_Mem
                               SPACE            Stack_Size
   39 00000400         __initial_sp
   40 00000400         
   41 00000400         
   42 00000400         ; <h> Heap Configuration



ARM Macro Assembler    Page 2 


   43 00000400         ;   <o>  Heap Size (in Bytes) <0x0-0xFFFFFFFF:8>
   44 00000400         ; </h>
   45 00000400         
   46 00000400 00000200 
                       Heap_Size
                               EQU              0x200
   47 00000400         
   48 00000400                 AREA             HEAP, NOINIT, READWRITE, ALIGN=
3
   49 00000000         __heap_base
   50 00000000         Heap_Mem
                               SPACE            Heap_Size
   51 00000200         __heap_limit
   52 00000200         
   53 00000200                 PRESERVE8
   54 00000200                 THUMB
   55 00000200         
   56 00000200         
   57 00000200         ; Vector Table Mapped to Address 0 at Reset
   58 00000200                 AREA             RESET, DATA, READONLY
   59 00000000                 EXPORT           __Vectors
   60 00000000                 EXPORT           __Vectors_End
   61 00000000                 EXPORT           __Vectors_Size
   62 00000000         
   63 00000000 00000000 
                       __Vectors
                               DCD              __initial_sp ; Top of Stack
   64 00000004 00000000        DCD              Reset_Handler ; Reset Handler
   65 00000008 00000000        DCD              NMI_Handler ; NMI Handler
   66 0000000C 00000000        DCD              HardFault_Handler ; Hard Fault 
                                                            Handler
   67 00000010 00000000        DCD              MemManage_Handler 
                                                            ; MPU Fault Handler
                                                            
   68 00000014 00000000        DCD              BusFault_Handler 
                                                            ; Bus Fault Handler
                                                            
   69 00000018 00000000        DCD              UsageFault_Handler ; Usage Faul
                                                            t Handler
   70 0000001C 00000000        DCD              0           ; Reserved
   71 00000020 00000000        DCD              0           ; Reserved
   72 00000024 00000000        DCD              0           ; Reserved
   73 00000028 00000000        DCD              0           ; Reserved
   74 0000002C 00000000        DCD              SVC_Handler ; SVCall Handler
   75 00000030 00000000        DCD              DebugMon_Handler ; Debug Monito
                                                            r Handler
   76 00000034 00000000        DCD              0           ; Reserved
   77 00000038 00000000        DCD              PendSV_Handler ; PendSV Handler
                                                            
   78 0000003C 00000000        DCD              SysTick_Handler 
                                                            ; SysTick Handler
   79 00000040         
   80 00000040         ; External Interrupts
   81 00000040 00000000        DCD              WWDG_IRQHandler 
                                                            ; Window WatchDog
   82 00000044 00000000        DCD              PVD_PVM_IRQHandler ; PVD/PVM1/P
                                                            VM2/PVM3/PVM4 throu
                                                            gh EXTI Line detect
                                                            ion



ARM Macro Assembler    Page 3 


   83 00000048 00000000        DCD              RTC_TAMP_LSECSS_IRQHandler ; RT
                                                            C, TAMP and RCC LSE
                                                            _CSS through the EX
                                                            TI line
   84 0000004C 00000000        DCD              RTC_WKUP_IRQHandler ; RTC Wakeu
                                                            p through the EXTI 
                                                            line
   85 00000050 00000000        DCD              FLASH_IRQHandler ; FLASH
   86 00000054 00000000        DCD              RCC_IRQHandler ; RCC
   87 00000058 00000000        DCD              EXTI0_IRQHandler ; EXTI Line0
   88 0000005C 00000000        DCD              EXTI1_IRQHandler ; EXTI Line1
   89 00000060 00000000        DCD              EXTI2_IRQHandler ; EXTI Line2
   90 00000064 00000000        DCD              EXTI3_IRQHandler ; EXTI Line3
   91 00000068 00000000        DCD              EXTI4_IRQHandler ; EXTI Line4
   92 0000006C 00000000        DCD              DMA1_Channel1_IRQHandler 
                                                            ; DMA1 Channel 1
   93 00000070 00000000        DCD              DMA1_Channel2_IRQHandler 
                                                            ; DMA1 Channel 2
   94 00000074 00000000        DCD              DMA1_Channel3_IRQHandler 
                                                            ; DMA1 Channel 3
   95 00000078 00000000        DCD              DMA1_Channel4_IRQHandler 
                                                            ; DMA1 Channel 4
   96 0000007C 00000000        DCD              DMA1_Channel5_IRQHandler 
                                                            ; DMA1 Channel 5
   97 00000080 00000000        DCD              DMA1_Channel6_IRQHandler 
                                                            ; DMA1 Channel 6
   98 00000084 00000000        DCD              DMA1_Channel7_IRQHandler 
                                                            ; DMA1 Channel 7
   99 00000088 00000000        DCD              ADC1_2_IRQHandler 
                                                            ; ADC1 and ADC2
  100 0000008C 00000000        DCD              USB_HP_IRQHandler ; USB Device 
                                                            High Priority
  101 00000090 00000000        DCD              USB_LP_IRQHandler ; USB Device 
                                                            Low Priority
  102 00000094 00000000        DCD              FDCAN1_IT0_IRQHandler ; FDCAN1 
                                                            interrupt line 0
  103 00000098 00000000        DCD              FDCAN1_IT1_IRQHandler ; FDCAN1 
                                                            interrupt line 1
  104 0000009C 00000000        DCD              EXTI9_5_IRQHandler ; External L
                                                            ine[9:5]s
  105 000000A0 00000000        DCD              TIM1_BRK_TIM15_IRQHandler ; TIM
                                                            1 Break, Transition
                                                             error, Index error
                                                             and TIM15
  106 000000A4 00000000        DCD              TIM1_UP_TIM16_IRQHandler ; TIM1
                                                             Update and TIM16
  107 000000A8 00000000        DCD              TIM1_TRG_COM_TIM17_IRQHandler ;
                                                             TIM1 Trigger, Comm
                                                            utation, Direction 
                                                            change, Index and T
                                                            IM17
  108 000000AC 00000000        DCD              TIM1_CC_IRQHandler ; TIM1 Captu
                                                            re Compare
  109 000000B0 00000000        DCD              TIM2_IRQHandler ; TIM2
  110 000000B4 00000000        DCD              TIM3_IRQHandler ; TIM3
  111 000000B8 00000000        DCD              TIM4_IRQHandler ; TIM4
  112 000000BC 00000000        DCD              I2C1_EV_IRQHandler ; I2C1 Event
                                                            
  113 000000C0 00000000        DCD              I2C1_ER_IRQHandler ; I2C1 Error



ARM Macro Assembler    Page 4 


                                                            
  114 000000C4 00000000        DCD              I2C2_EV_IRQHandler ; I2C2 Event
                                                            
  115 000000C8 00000000        DCD              I2C2_ER_IRQHandler ; I2C2 Error
                                                            
  116 000000CC 00000000        DCD              SPI1_IRQHandler ; SPI1
  117 000000D0 00000000        DCD              SPI2_IRQHandler ; SPI2
  118 000000D4 00000000        DCD              USART1_IRQHandler ; USART1
  119 000000D8 00000000        DCD              USART2_IRQHandler ; USART2
  120 000000DC 00000000        DCD              USART3_IRQHandler ; USART3
  121 000000E0 00000000        DCD              EXTI15_10_IRQHandler ; External
                                                             Line[15:10]
  122 000000E4 00000000        DCD              RTC_Alarm_IRQHandler ; RTC Alar
                                                            m (A and B) through
                                                             EXTI Line
  123 000000E8 00000000        DCD              USBWakeUp_IRQHandler ; USB Wake
                                                            up through EXTI lin
                                                            e
  124 000000EC 00000000        DCD              TIM8_BRK_IRQHandler ; TIM8 Brea
                                                            k, Transition error
                                                             and Index error In
                                                            terrupt
  125 000000F0 00000000        DCD              TIM8_UP_IRQHandler ; TIM8 Updat
                                                            e Interrupt
  126 000000F4 00000000        DCD              TIM8_TRG_COM_IRQHandler ; TIM8 
                                                            Trigger, Commutatio
                                                            n, Direction change
                                                             and Index Interrup
                                                            t
  127 000000F8 00000000        DCD              TIM8_CC_IRQHandler ; TIM8 Captu
                                                            re Compare Interrup
                                                            t
  128 000000FC 00000000        DCD              ADC3_IRQHandler ; ADC3
  129 00000100 00000000        DCD              FMC_IRQHandler ; FMC
  130 00000104 00000000        DCD              LPTIM1_IRQHandler 
                                                            ; LP TIM1 interrupt
                                                            
  131 00000108 00000000        DCD              TIM5_IRQHandler ; TIM5
  132 0000010C 00000000        DCD              SPI3_IRQHandler ; SPI3
  133 00000110 00000000        DCD              UART4_IRQHandler ; UART4
  134 00000114 00000000        DCD              UART5_IRQHandler ; UART5
  135 00000118 00000000        DCD              TIM6_DAC_IRQHandler ; TIM6 and 
                                                            DAC1&3 underrun err
                                                            ors
  136 0000011C 00000000        DCD              TIM7_DAC_IRQHandler ; TIM7 and 
                                                            DAC2&4 underrun err
                                                            ors
  137 00000120 00000000        DCD              DMA2_Channel1_IRQHandler 
                                                            ; DMA2 Channel 1
  138 00000124 00000000        DCD              DMA2_Channel2_IRQHandler 
                                                            ; DMA2 Channel 2
  139 00000128 00000000        DCD              DMA2_Channel3_IRQHandler 
                                                            ; DMA2 Channel 3
  140 0000012C 00000000        DCD              DMA2_Channel4_IRQHandler 
                                                            ; DMA2 Channel 4
  141 00000130 00000000        DCD              DMA2_Channel5_IRQHandler 
                                                            ; DMA2 Channel 5
  142 00000134 00000000        DCD              ADC4_IRQHandler ; ADC4
  143 00000138 00000000        DCD              ADC5_IRQHandler ; ADC5



ARM Macro Assembler    Page 5 


  144 0000013C 00000000        DCD              UCPD1_IRQHandler ; UCPD1
  145 00000140 00000000        DCD              COMP1_2_3_IRQHandler ; COMP1, C
                                                            OMP2 and COMP3
  146 00000144 00000000        DCD              COMP4_5_6_IRQHandler ; COMP4, C
                                                            OMP5 and COMP6
  147 00000148 00000000        DCD              COMP7_IRQHandler ; COMP7
  148 0000014C 00000000        DCD              HRTIM1_Master_IRQHandler ; HRTI
                                                            M Master Timer glob
                                                            al Interrupts
  149 00000150 00000000        DCD              HRTIM1_TIMA_IRQHandler ; HRTIM 
                                                            Timer A global Inte
                                                            rrupt
  150 00000154 00000000        DCD              HRTIM1_TIMB_IRQHandler ; HRTIM 
                                                            Timer B global Inte
                                                            rrupt
  151 00000158 00000000        DCD              HRTIM1_TIMC_IRQHandler ; HRTIM 
                                                            Timer C global Inte
                                                            rrupt
  152 0000015C 00000000        DCD              HRTIM1_TIMD_IRQHandler ; HRTIM 
                                                            Timer D global Inte
                                                            rrupt
  153 00000160 00000000        DCD              HRTIM1_TIME_IRQHandler ; HRTIM 
                                                            Timer E global Inte
                                                            rrupt
  154 00000164 00000000        DCD              HRTIM1_FLT_IRQHandler ; HRTIM F
                                                            ault global Interru
                                                            pt
  155 00000168 00000000        DCD              HRTIM1_TIMF_IRQHandler ; HRTIM 
                                                            Timer F global Inte
                                                            rrupt
  156 0000016C 00000000        DCD              CRS_IRQHandler ; CRS Interrupt
  157 00000170 00000000        DCD              SAI1_IRQHandler ; Serial Audio 
                                                            Interface 1 global 
                                                            interrupt
  158 00000174 00000000        DCD              TIM20_BRK_IRQHandler ; TIM20 Br
                                                            eak, Transition err
                                                            or and Index error
  159 00000178 00000000        DCD              TIM20_UP_IRQHandler 
                                                            ; TIM20 Update
  160 0000017C 00000000        DCD              TIM20_TRG_COM_IRQHandler ; TIM2
                                                            0 Trigger, Commutat
                                                            ion, Direction chan
                                                            ge and Index
  161 00000180 00000000        DCD              TIM20_CC_IRQHandler ; TIM20 Cap
                                                            ture Compare
  162 00000184 00000000        DCD              FPU_IRQHandler ; FPU
  163 00000188 00000000        DCD              I2C4_EV_IRQHandler ; I2C4 event
                                                            
  164 0000018C 00000000        DCD              I2C4_ER_IRQHandler ; I2C4 error
                                                            
  165 00000190 00000000        DCD              SPI4_IRQHandler ; SPI4
  166 00000194 00000000        DCD              0           ; Reserved
  167 00000198 00000000        DCD              FDCAN2_IT0_IRQHandler ; FDCAN2 
                                                            interrupt line 0
  168 0000019C 00000000        DCD              FDCAN2_IT1_IRQHandler ; FDCAN2 
                                                            interrupt line 1
  169 000001A0 00000000        DCD              FDCAN3_IT0_IRQHandler ; FDCAN3 
                                                            interrupt line 0
  170 000001A4 00000000        DCD              FDCAN3_IT1_IRQHandler ; FDCAN3 



ARM Macro Assembler    Page 6 


                                                            interrupt line 1
  171 000001A8 00000000        DCD              RNG_IRQHandler ; RNG global int
                                                            errupt
  172 000001AC 00000000        DCD              LPUART1_IRQHandler ; LP UART 1 
                                                            interrupt
  173 000001B0 00000000        DCD              I2C3_EV_IRQHandler ; I2C3 Event
                                                            
  174 000001B4 00000000        DCD              I2C3_ER_IRQHandler ; I2C3 Error
                                                            
  175 000001B8 00000000        DCD              DMAMUX_OVR_IRQHandler ; DMAMUX 
                                                            overrun global inte
                                                            rrupt
  176 000001BC 00000000        DCD              QUADSPI_IRQHandler ; QUADSPI
  177 000001C0 00000000        DCD              DMA1_Channel8_IRQHandler 
                                                            ; DMA1 Channel 8
  178 000001C4 00000000        DCD              DMA2_Channel6_IRQHandler 
                                                            ; DMA2 Channel 6
  179 000001C8 00000000        DCD              DMA2_Channel7_IRQHandler 
                                                            ; DMA2 Channel 7
  180 000001CC 00000000        DCD              DMA2_Channel8_IRQHandler 
                                                            ; DMA2 Channel 8
  181 000001D0 00000000        DCD              CORDIC_IRQHandler ; CORDIC
  182 000001D4 00000000        DCD              FMAC_IRQHandler ; FMAC
  183 000001D8         
  184 000001D8         __Vectors_End
  185 000001D8         
  186 000001D8 000001D8 
                       __Vectors_Size
                               EQU              __Vectors_End - __Vectors
  187 000001D8         
  188 000001D8                 AREA             |.text|, CODE, READONLY
  189 00000000         
  190 00000000         ; Reset handler
  191 00000000         Reset_Handler
                               PROC
  192 00000000                 EXPORT           Reset_Handler             [WEAK
]
  193 00000000                 IMPORT           SystemInit
  194 00000000                 IMPORT           __main
  195 00000000         
  196 00000000 4806            LDR              R0, =SystemInit
  197 00000002 4780            BLX              R0
  198 00000004 4806            LDR              R0, =__main
  199 00000006 4700            BX               R0
  200 00000008                 ENDP
  201 00000008         
  202 00000008         ; Dummy Exception Handlers (infinite loops which can be 
                       modified)
  203 00000008         
  204 00000008         NMI_Handler
                               PROC
  205 00000008                 EXPORT           NMI_Handler                [WEA
K]
  206 00000008 E7FE            B                .
  207 0000000A                 ENDP
  209 0000000A         HardFault_Handler
                               PROC
  210 0000000A                 EXPORT           HardFault_Handler          [WEA
K]



ARM Macro Assembler    Page 7 


  211 0000000A E7FE            B                .
  212 0000000C                 ENDP
  214 0000000C         MemManage_Handler
                               PROC
  215 0000000C                 EXPORT           MemManage_Handler          [WEA
K]
  216 0000000C E7FE            B                .
  217 0000000E                 ENDP
  219 0000000E         BusFault_Handler
                               PROC
  220 0000000E                 EXPORT           BusFault_Handler           [WEA
K]
  221 0000000E E7FE            B                .
  222 00000010                 ENDP
  224 00000010         UsageFault_Handler
                               PROC
  225 00000010                 EXPORT           UsageFault_Handler         [WEA
K]
  226 00000010 E7FE            B                .
  227 00000012                 ENDP
  228 00000012         SVC_Handler
                               PROC
  229 00000012                 EXPORT           SVC_Handler                [WEA
K]
  230 00000012 E7FE            B                .
  231 00000014                 ENDP
  233 00000014         DebugMon_Handler
                               PROC
  234 00000014                 EXPORT           DebugMon_Handler           [WEA
K]
  235 00000014 E7FE            B                .
  236 00000016                 ENDP
  237 00000016         PendSV_Handler
                               PROC
  238 00000016                 EXPORT           PendSV_Handler             [WEA
K]
  239 00000016 E7FE            B                .
  240 00000018                 ENDP
  241 00000018         SysTick_Handler
                               PROC
  242 00000018                 EXPORT           SysTick_Handler            [WEA
K]
  243 00000018 E7FE            B                .
  244 0000001A                 ENDP
  245 0000001A         
  246 0000001A         Default_Handler
                               PROC
  247 0000001A         
  248 0000001A                 EXPORT           WWDG_IRQHandler                
   [WEAK]
  249 0000001A                 EXPORT           PVD_PVM_IRQHandler             
   [WEAK]
  250 0000001A                 EXPORT           RTC_TAMP_LSECSS_IRQHandler     
   [WEAK]
  251 0000001A                 EXPORT           RTC_WKUP_IRQHandler            
   [WEAK]
  252 0000001A                 EXPORT           FLASH_IRQHandler               
   [WEAK]
  253 0000001A                 EXPORT           RCC_IRQHandler                 



ARM Macro Assembler    Page 8 


   [WEAK]
  254 0000001A                 EXPORT           EXTI0_IRQHandler               
   [WEAK]
  255 0000001A                 EXPORT           EXTI1_IRQHandler               
   [WEAK]
  256 0000001A                 EXPORT           EXTI2_IRQHandler               
   [WEAK]
  257 0000001A                 EXPORT           EXTI3_IRQHandler               
   [WEAK]
  258 0000001A                 EXPORT           EXTI4_IRQHandler               
   [WEAK]
  259 0000001A                 EXPORT           DMA1_Channel1_IRQHandler       
   [WEAK]
  260 0000001A                 EXPORT           DMA1_Channel2_IRQHandler       
   [WEAK]
  261 0000001A                 EXPORT           DMA1_Channel3_IRQHandler       
   [WEAK]
  262 0000001A                 EXPORT           DMA1_Channel4_IRQHandler       
   [WEAK]
  263 0000001A                 EXPORT           DMA1_Channel5_IRQHandler       
   [WEAK]
  264 0000001A                 EXPORT           DMA1_Channel6_IRQHandler       
   [WEAK]
  265 0000001A                 EXPORT           DMA1_Channel7_IRQHandler       
   [WEAK]
  266 0000001A                 EXPORT           ADC1_2_IRQHandler              
   [WEAK]
  267 0000001A                 EXPORT           USB_HP_IRQHandler              
   [WEAK]
  268 0000001A                 EXPORT           USB_LP_IRQHandler              
   [WEAK]
  269 0000001A                 EXPORT           FDCAN1_IT0_IRQHandler          
   [WEAK]
  270 0000001A                 EXPORT           FDCAN1_IT1_IRQHandler          
   [WEAK]
  271 0000001A                 EXPORT           EXTI9_5_IRQHandler             
   [WEAK]
  272 0000001A                 EXPORT           TIM1_BRK_TIM15_IRQHandler      
   [WEAK]
  273 0000001A                 EXPORT           TIM1_UP_TIM16_IRQHandler       
   [WEAK]
  274 0000001A                 EXPORT           TIM1_TRG_COM_TIM17_IRQHandler  
   [WEAK]
  275 0000001A                 EXPORT           TIM1_CC_IRQHandler             
   [WEAK]
  276 0000001A                 EXPORT           TIM2_IRQHandler                
   [WEAK]
  277 0000001A                 EXPORT           TIM3_IRQHandler                
   [WEAK]
  278 0000001A                 EXPORT           TIM4_IRQHandler                
   [WEAK]
  279 0000001A                 EXPORT           I2C1_EV_IRQHandler             
   [WEAK]
  280 0000001A                 EXPORT           I2C1_ER_IRQHandler             
   [WEAK]
  281 0000001A                 EXPORT           I2C2_EV_IRQHandler             
   [WEAK]
  282 0000001A                 EXPORT           I2C2_ER_IRQHandler             
   [WEAK]



ARM Macro Assembler    Page 9 


  283 0000001A                 EXPORT           SPI1_IRQHandler                
   [WEAK]
  284 0000001A                 EXPORT           SPI2_IRQHandler                
   [WEAK]
  285 0000001A                 EXPORT           USART1_IRQHandler              
   [WEAK]
  286 0000001A                 EXPORT           USART2_IRQHandler              
   [WEAK]
  287 0000001A                 EXPORT           USART3_IRQHandler              
   [WEAK]
  288 0000001A                 EXPORT           EXTI15_10_IRQHandler           
   [WEAK]
  289 0000001A                 EXPORT           RTC_Alarm_IRQHandler           
   [WEAK]
  290 0000001A                 EXPORT           USBWakeUp_IRQHandler           
   [WEAK]
  291 0000001A                 EXPORT           TIM8_BRK_IRQHandler            
   [WEAK]
  292 0000001A                 EXPORT           TIM8_UP_IRQHandler             
   [WEAK]
  293 0000001A                 EXPORT           TIM8_TRG_COM_IRQHandler        
   [WEAK]
  294 0000001A                 EXPORT           TIM8_CC_IRQHandler             
   [WEAK]
  295 0000001A                 EXPORT           ADC3_IRQHandler                
   [WEAK]
  296 0000001A                 EXPORT           FMC_IRQHandler                 
   [WEAK]
  297 0000001A                 EXPORT           LPTIM1_IRQHandler              
   [WEAK]
  298 0000001A                 EXPORT           TIM5_IRQHandler                
   [WEAK]
  299 0000001A                 EXPORT           SPI3_IRQHandler                
   [WEAK]
  300 0000001A                 EXPORT           UART4_IRQHandler               
   [WEAK]
  301 0000001A                 EXPORT           UART5_IRQHandler               
   [WEAK]
  302 0000001A                 EXPORT           TIM6_DAC_IRQHandler            
   [WEAK]
  303 0000001A                 EXPORT           TIM7_DAC_IRQHandler            
   [WEAK]
  304 0000001A                 EXPORT           DMA2_Channel1_IRQHandler       
   [WEAK]
  305 0000001A                 EXPORT           DMA2_Channel2_IRQHandler       
   [WEAK]
  306 0000001A                 EXPORT           DMA2_Channel3_IRQHandler       
   [WEAK]
  307 0000001A                 EXPORT           DMA2_Channel4_IRQHandler       
   [WEAK]
  308 0000001A                 EXPORT           DMA2_Channel5_IRQHandler       
   [WEAK]
  309 0000001A                 EXPORT           ADC4_IRQHandler                
   [WEAK]
  310 0000001A                 EXPORT           ADC5_IRQHandler                
   [WEAK]
  311 0000001A                 EXPORT           UCPD1_IRQHandler               
   [WEAK]
  312 0000001A                 EXPORT           COMP1_2_3_IRQHandler           



ARM Macro Assembler    Page 10 


   [WEAK]
  313 0000001A                 EXPORT           COMP4_5_6_IRQHandler           
   [WEAK]
  314 0000001A                 EXPORT           COMP7_IRQHandler               
   [WEAK]
  315 0000001A                 EXPORT           HRTIM1_Master_IRQHandler       
   [WEAK]
  316 0000001A                 EXPORT           HRTIM1_TIMA_IRQHandler         
   [WEAK]
  317 0000001A                 EXPORT           HRTIM1_TIMB_IRQHandler         
   [WEAK]
  318 0000001A                 EXPORT           HRTIM1_TIMC_IRQHandler         
   [WEAK]
  319 0000001A                 EXPORT           HRTIM1_TIMD_IRQHandler         
   [WEAK]
  320 0000001A                 EXPORT           HRTIM1_TIME_IRQHandler         
   [WEAK]
  321 0000001A                 EXPORT           HRTIM1_FLT_IRQHandler          
   [WEAK]
  322 0000001A                 EXPORT           HRTIM1_TIMF_IRQHandler         
   [WEAK]
  323 0000001A                 EXPORT           CRS_IRQHandler                 
   [WEAK]
  324 0000001A                 EXPORT           SAI1_IRQHandler                
   [WEAK]
  325 0000001A                 EXPORT           TIM20_BRK_IRQHandler           
   [WEAK]
  326 0000001A                 EXPORT           TIM20_UP_IRQHandler            
   [WEAK]
  327 0000001A                 EXPORT           TIM20_TRG_COM_IRQHandler       
   [WEAK]
  328 0000001A                 EXPORT           TIM20_CC_IRQHandler            
   [WEAK]
  329 0000001A                 EXPORT           FPU_IRQHandler                 
   [WEAK]
  330 0000001A                 EXPORT           I2C4_EV_IRQHandler             
   [WEAK]
  331 0000001A                 EXPORT           I2C4_ER_IRQHandler             
   [WEAK]
  332 0000001A                 EXPORT           SPI4_IRQHandler                
   [WEAK]
  333 0000001A                 EXPORT           FDCAN2_IT0_IRQHandler          
   [WEAK]
  334 0000001A                 EXPORT           FDCAN2_IT1_IRQHandler          
   [WEAK]
  335 0000001A                 EXPORT           FDCAN3_IT0_IRQHandler          
   [WEAK]
  336 0000001A                 EXPORT           FDCAN3_IT1_IRQHandler          
   [WEAK]
  337 0000001A                 EXPORT           RNG_IRQHandler                 
   [WEAK]
  338 0000001A                 EXPORT           LPUART1_IRQHandler             
   [WEAK]
  339 0000001A                 EXPORT           I2C3_EV_IRQHandler             
   [WEAK]
  340 0000001A                 EXPORT           I2C3_ER_IRQHandler             
   [WEAK]
  341 0000001A                 EXPORT           DMAMUX_OVR_IRQHandler          
   [WEAK]



ARM Macro Assembler    Page 11 


  342 0000001A                 EXPORT           QUADSPI_IRQHandler             
   [WEAK]
  343 0000001A                 EXPORT           DMA1_Channel8_IRQHandler       
   [WEAK]
  344 0000001A                 EXPORT           DMA2_Channel6_IRQHandler       
   [WEAK]
  345 0000001A                 EXPORT           DMA2_Channel7_IRQHandler       
   [WEAK]
  346 0000001A                 EXPORT           DMA2_Channel8_IRQHandler       
   [WEAK]
  347 0000001A                 EXPORT           CORDIC_IRQHandler              
   [WEAK]
  348 0000001A                 EXPORT           FMAC_IRQHandler                
   [WEAK]
  349 0000001A         
  350 0000001A         WWDG_IRQHandler
  351 0000001A         PVD_PVM_IRQHandler
  352 0000001A         RTC_TAMP_LSECSS_IRQHandler
  353 0000001A         RTC_WKUP_IRQHandler
  354 0000001A         FLASH_IRQHandler
  355 0000001A         RCC_IRQHandler
  356 0000001A         EXTI0_IRQHandler
  357 0000001A         EXTI1_IRQHandler
  358 0000001A         EXTI2_IRQHandler
  359 0000001A         EXTI3_IRQHandler
  360 0000001A         EXTI4_IRQHandler
  361 0000001A         DMA1_Channel1_IRQHandler
  362 0000001A         DMA1_Channel2_IRQHandler
  363 0000001A         DMA1_Channel3_IRQHandler
  364 0000001A         DMA1_Channel4_IRQHandler
  365 0000001A         DMA1_Channel5_IRQHandler
  366 0000001A         DMA1_Channel6_IRQHandler
  367 0000001A         DMA1_Channel7_IRQHandler
  368 0000001A         ADC1_2_IRQHandler
  369 0000001A         USB_HP_IRQHandler
  370 0000001A         USB_LP_IRQHandler
  371 0000001A         FDCAN1_IT0_IRQHandler
  372 0000001A         FDCAN1_IT1_IRQHandler
  373 0000001A         EXTI9_5_IRQHandler
  374 0000001A         TIM1_BRK_TIM15_IRQHandler
  375 0000001A         TIM1_UP_TIM16_IRQHandler
  376 0000001A         TIM1_TRG_COM_TIM17_IRQHandler
  377 0000001A         TIM1_CC_IRQHandler
  378 0000001A         TIM2_IRQHandler
  379 0000001A         TIM3_IRQHandler
  380 0000001A         TIM4_IRQHandler
  381 0000001A         I2C1_EV_IRQHandler
  382 0000001A         I2C1_ER_IRQHandler
  383 0000001A         I2C2_EV_IRQHandler
  384 0000001A         I2C2_ER_IRQHandler
  385 0000001A         SPI1_IRQHandler
  386 0000001A         SPI2_IRQHandler
  387 0000001A         USART1_IRQHandler
  388 0000001A         USART2_IRQHandler
  389 0000001A         USART3_IRQHandler
  390 0000001A         EXTI15_10_IRQHandler
  391 0000001A         RTC_Alarm_IRQHandler
  392 0000001A         USBWakeUp_IRQHandler
  393 0000001A         TIM8_BRK_IRQHandler



ARM Macro Assembler    Page 12 


  394 0000001A         TIM8_UP_IRQHandler
  395 0000001A         TIM8_TRG_COM_IRQHandler
  396 0000001A         TIM8_CC_IRQHandler
  397 0000001A         ADC3_IRQHandler
  398 0000001A         FMC_IRQHandler
  399 0000001A         LPTIM1_IRQHandler
  400 0000001A         TIM5_IRQHandler
  401 0000001A         SPI3_IRQHandler
  402 0000001A         UART4_IRQHandler
  403 0000001A         UART5_IRQHandler
  404 0000001A         TIM6_DAC_IRQHandler
  405 0000001A         TIM7_DAC_IRQHandler
  406 0000001A         DMA2_Channel1_IRQHandler
  407 0000001A         DMA2_Channel2_IRQHandler
  408 0000001A         DMA2_Channel3_IRQHandler
  409 0000001A         DMA2_Channel4_IRQHandler
  410 0000001A         DMA2_Channel5_IRQHandler
  411 0000001A         ADC4_IRQHandler
  412 0000001A         ADC5_IRQHandler
  413 0000001A         UCPD1_IRQHandler
  414 0000001A         COMP1_2_3_IRQHandler
  415 0000001A         COMP4_5_6_IRQHandler
  416 0000001A         COMP7_IRQHandler
  417 0000001A         HRTIM1_Master_IRQHandler
  418 0000001A         HRTIM1_TIMA_IRQHandler
  419 0000001A         HRTIM1_TIMB_IRQHandler
  420 0000001A         HRTIM1_TIMC_IRQHandler
  421 0000001A         HRTIM1_TIMD_IRQHandler
  422 0000001A         HRTIM1_TIME_IRQHandler
  423 0000001A         HRTIM1_FLT_IRQHandler
  424 0000001A         HRTIM1_TIMF_IRQHandler
  425 0000001A         CRS_IRQHandler
  426 0000001A         SAI1_IRQHandler
  427 0000001A         TIM20_BRK_IRQHandler
  428 0000001A         TIM20_UP_IRQHandler
  429 0000001A         TIM20_TRG_COM_IRQHandler
  430 0000001A         TIM20_CC_IRQHandler
  431 0000001A         FPU_IRQHandler
  432 0000001A         I2C4_EV_IRQHandler
  433 0000001A         I2C4_ER_IRQHandler
  434 0000001A         SPI4_IRQHandler
  435 0000001A         FDCAN2_IT0_IRQHandler
  436 0000001A         FDCAN2_IT1_IRQHandler
  437 0000001A         FDCAN3_IT0_IRQHandler
  438 0000001A         FDCAN3_IT1_IRQHandler
  439 0000001A         RNG_IRQHandler
  440 0000001A         LPUART1_IRQHandler
  441 0000001A         I2C3_EV_IRQHandler
  442 0000001A         I2C3_ER_IRQHandler
  443 0000001A         DMAMUX_OVR_IRQHandler
  444 0000001A         QUADSPI_IRQHandler
  445 0000001A         DMA1_Channel8_IRQHandler
  446 0000001A         DMA2_Channel6_IRQHandler
  447 0000001A         DMA2_Channel7_IRQHandler
  448 0000001A         DMA2_Channel8_IRQHandler
  449 0000001A         CORDIC_IRQHandler
  450 0000001A         FMAC_IRQHandler
  451 0000001A         
  452 0000001A E7FE            B                .



ARM Macro Assembler    Page 13 


  453 0000001C         
  454 0000001C                 ENDP
  455 0000001C         
  456 0000001C                 ALIGN
  457 0000001C         
  458 0000001C         ;*******************************************************
                       ************************
  459 0000001C         ; User Stack and Heap initialization
  460 0000001C         ;*******************************************************
                       ************************
  461 0000001C                 IF               :DEF:__MICROLIB
  462 0000001C         
  463 0000001C                 EXPORT           __initial_sp
  464 0000001C                 EXPORT           __heap_base
  465 0000001C                 EXPORT           __heap_limit
  466 0000001C         
  467 0000001C                 ELSE
  482                          ENDIF
  483 0000001C         
  484 0000001C                 END
              00000000 
              00000000 
Command Line: --debug --diag_suppress=9931 --cpu=Cortex-M4.fp.sp --apcs=interwo
rk --depend=objects\startup_stm32g474xx.d -oobjects\startup_stm32g474xx.o -I.\R
TE\_foc_Sensorless_echokoen -IC:\Users\10095\AppData\Local\Arm\Packs\ARM\CMSIS\
6.1.0\CMSIS\Core\Include -IC:\Users\10095\AppData\Local\Arm\Packs\Keil\STM32G4x
x_DFP\1.5.0\Drivers\CMSIS\Device\ST\STM32G4xx\Include --predefine="__MICROLIB S
ETA 1" --predefine="__UVISION_VERSION SETA 542" --predefine="STM32G474xx SETA 1
" --predefine="_RTE_ SETA 1" --list=startup_stm32g474xx.lst startup_stm32g474xx
.s
